<?xml version="1.0" encoding="UTF-8"?>
<!-- Generated by org.testng.reporters.JUnitReportReporter -->
<testsuite hostname="Kanchans-MacBook-Air.local" failures="0" tests="1" name="com.rcs.qa.testcases.WidgetDashboardTest" time="70.105" errors="0" timestamp="2023-12-15T21:47:35 IST" skipped="0">
  <testcase classname="com.rcs.qa.testcases.WidgetDashboardTest" name="clickOnAddNewCustomerButton" time="70.105"/>
  <system-out/>
</testsuite> <!-- com.rcs.qa.testcases.WidgetDashboardTest -->
