<?xml version="1.0" encoding="UTF-8"?>
<!-- Generated by org.testng.reporters.JUnitReportReporter -->
<testsuite hostname="Kanchans-MacBook-Air.local" failures="0" tests="1" name="com.rcs.qa.testcases.LoginTest" time="39.542" errors="0" timestamp="2023-12-13T15:23:09 IST" skipped="0">
  <testcase classname="com.rcs.qa.testcases.LoginTest" name="employeeLogin" time="39.542"/>
  <system-out/>
</testsuite> <!-- com.rcs.qa.testcases.LoginTest -->
