<?xml version="1.0" encoding="UTF-8"?>
<!-- Generated by org.testng.reporters.JUnitReportReporter -->
<testsuite hostname="Kanchans-MacBook-Air.local" failures="0" tests="1" name="com.rcs.qa.testcases.WidgetDashboardTest" time="17.847" errors="0" timestamp="2024-01-03T17:24:40 IST" skipped="0">
  <testcase classname="com.rcs.qa.testcases.WidgetDashboardTest" name="clickOnAddNewCustomerButton" time="17.847"/>
  <system-out/>
</testsuite> <!-- com.rcs.qa.testcases.WidgetDashboardTest -->
